2023-03-10 11:14:56.311 [info] Extension host with pid 8594 started
2023-03-10 11:14:56.393 [error] Error: EEXIST: file already exists, open '/home/global/.vscode-server/data/User/workspaceStorage/2ad1c53d3713ce6642a363a8e76d6f50/vscode.lock'
2023-03-10 11:14:56.478 [info] Lock '/home/global/.vscode-server/data/User/workspaceStorage/2ad1c53d3713ce6642a363a8e76d6f50/vscode.lock': Could not acquire lock, checking if the file is stale.
2023-03-10 11:14:56.517 [info] Lock '/home/global/.vscode-server/data/User/workspaceStorage/2ad1c53d3713ce6642a363a8e76d6f50/vscode.lock': The lock does not look stale, elapsed: 786 ms, giving up.
2023-03-10 11:14:56.542 [error] Error: EEXIST: file already exists, open '/home/global/.vscode-server/data/User/workspaceStorage/2ad1c53d3713ce6642a363a8e76d6f50-1/vscode.lock'
2023-03-10 11:14:56.711 [info] ExtensionService#_doActivateExtension vscode.emmet, startup: false, activationEvent: 'onLanguage'
2023-03-10 11:14:56.718 [info] ExtensionService#_doActivateExtension vscode.git-base, startup: false, activationEvent: '*', root cause: vscode.git
2023-03-10 11:14:56.782 [info] Lock '/home/global/.vscode-server/data/User/workspaceStorage/2ad1c53d3713ce6642a363a8e76d6f50-1/vscode.lock': Could not acquire lock, checking if the file is stale.
2023-03-10 11:14:56.823 [info] Lock '/home/global/.vscode-server/data/User/workspaceStorage/2ad1c53d3713ce6642a363a8e76d6f50-1/vscode.lock': The lock does not look stale, elapsed: 180 ms, giving up.
2023-03-10 11:14:56.969 [info] Lock '/home/global/.vscode-server/data/User/workspaceStorage/2ad1c53d3713ce6642a363a8e76d6f50-2/vscode.lock': Lock acquired.
2023-03-10 11:14:57.740 [info] ExtensionService#_doActivateExtension p1c2u.docker-compose, startup: true, activationEvent: 'workspaceContains:**/docker-compose.yml'
2023-03-10 11:14:58.021 [info] ExtensionService#_doActivateExtension vscode.git, startup: false, activationEvent: '*'
2023-03-10 11:14:58.023 [info] ExtensionService#_doActivateExtension vscode.github, startup: false, activationEvent: '*'
2023-03-10 11:14:58.476 [info] Eager extensions activated
2023-03-10 11:14:58.477 [info] ExtensionService#_doActivateExtension vscode.debug-auto-launch, startup: false, activationEvent: 'onStartupFinished'
2023-03-10 11:14:58.477 [info] ExtensionService#_doActivateExtension vscode.merge-conflict, startup: false, activationEvent: 'onStartupFinished'
2023-03-10 11:15:13.589 [info] ExtensionService#_doActivateExtension ms-azuretools.vscode-docker, startup: false, activationEvent: 'onLanguage:dockercompose'
2023-03-10 11:31:52.231 [info] ExtensionService#_doActivateExtension vscode.npm, startup: false, activationEvent: 'onTerminalQuickFixRequest:ms-vscode.npm-command'
2023-03-12 10:10:00.073 [info] Extension host terminating: renderer disconnected for too long (2)
2023-03-12 10:10:00.085 [info] Lock '/home/global/.vscode-server/data/User/workspaceStorage/2ad1c53d3713ce6642a363a8e76d6f50-2/vscode.lock': Marking the lockfile as scheduled to be released in 6000 ms.
2023-03-12 10:10:00.421 [info] Extension host with pid 8594 exiting with code 0
