2023-03-08 16:13:06.300 [info] Niveau de journal : Info
2023-03-08 16:13:06.300 [info] Validation du git trouvé dans : «git»
2023-03-08 16:13:06.300 [info] Utilisation de git «2.30.2» à partir de «git»
2023-03-08 16:13:06.300 [info] > git rev-parse --show-toplevel [7ms]
2023-03-08 16:13:06.300 [info] fatal: not a git repository (or any parent up to mount point /)
Stopping at filesystem boundary (GIT_DISCOVERY_ACROSS_FILESYSTEM not set).
2023-03-08 16:13:06.300 [info] > git rev-parse --show-toplevel [79ms]
2023-03-08 16:13:06.300 [info] fatal: not a git repository (or any parent up to mount point /)
Stopping at filesystem boundary (GIT_DISCOVERY_ACROSS_FILESYSTEM not set).
2023-03-08 16:13:06.300 [info] > git rev-parse --show-toplevel [21ms]
2023-03-08 16:13:06.300 [info] fatal: not a git repository (or any parent up to mount point /)
Stopping at filesystem boundary (GIT_DISCOVERY_ACROSS_FILESYSTEM not set).
2023-03-08 16:13:06.300 [info] > git rev-parse --show-toplevel [3ms]
2023-03-08 16:13:06.300 [info] fatal: not a git repository (or any parent up to mount point /)
Stopping at filesystem boundary (GIT_DISCOVERY_ACROSS_FILESYSTEM not set).
2023-03-08 16:13:06.300 [info] > git rev-parse --show-toplevel [5ms]
2023-03-08 16:13:06.300 [info] fatal: not a git repository (or any parent up to mount point /)
Stopping at filesystem boundary (GIT_DISCOVERY_ACROSS_FILESYSTEM not set).
2023-03-08 16:13:06.313 [info] > git rev-parse --show-toplevel [14ms]
2023-03-08 16:13:06.313 [info] fatal: not a git repository (or any parent up to mount point /)
Stopping at filesystem boundary (GIT_DISCOVERY_ACROSS_FILESYSTEM not set).
2023-03-08 16:13:06.319 [info] > git rev-parse --show-toplevel [3ms]
2023-03-08 16:13:06.319 [info] fatal: not a git repository (or any parent up to mount point /)
Stopping at filesystem boundary (GIT_DISCOVERY_ACROSS_FILESYSTEM not set).
2023-03-08 16:13:06.325 [info] > git rev-parse --show-toplevel [2ms]
2023-03-08 16:13:06.325 [info] fatal: not a git repository (or any parent up to mount point /)
Stopping at filesystem boundary (GIT_DISCOVERY_ACROSS_FILESYSTEM not set).
2023-03-08 16:13:06.333 [info] > git rev-parse --show-toplevel [2ms]
2023-03-08 16:13:06.333 [info] fatal: not a git repository (or any parent up to mount point /)
Stopping at filesystem boundary (GIT_DISCOVERY_ACROSS_FILESYSTEM not set).
2023-03-08 16:17:50.679 [info] > git rev-parse --show-toplevel [532ms]
2023-03-08 16:17:50.679 [info] fatal: not a git repository (or any parent up to mount point /)
Stopping at filesystem boundary (GIT_DISCOVERY_ACROSS_FILESYSTEM not set).
2023-03-08 16:26:24.434 [info] > git rev-parse --show-toplevel [6ms]
2023-03-08 16:26:24.435 [info] fatal: not a git repository (or any parent up to mount point /)
Stopping at filesystem boundary (GIT_DISCOVERY_ACROSS_FILESYSTEM not set).
