2023-03-13 11:45:12.296 [info] Extension host with pid 1172 started
2023-03-13 11:45:12.342 [error] Error: EEXIST: file already exists, open '/home/global/.vscode-server/data/User/workspaceStorage/24e15800dabda4c75b40f2caa90b993d/vscode.lock'
2023-03-13 11:45:12.409 [info] Lock '/home/global/.vscode-server/data/User/workspaceStorage/24e15800dabda4c75b40f2caa90b993d/vscode.lock': Could not acquire lock, checking if the file is stale.
2023-03-13 11:45:12.411 [info] Lock '/home/global/.vscode-server/data/User/workspaceStorage/24e15800dabda4c75b40f2caa90b993d/vscode.lock': The pid 1037 appears to be gone.
2023-03-13 11:45:12.411 [info] Lock '/home/global/.vscode-server/data/User/workspaceStorage/24e15800dabda4c75b40f2caa90b993d/vscode.lock': Deleting a stale lock.
2023-03-13 11:45:12.438 [info] Lock '/home/global/.vscode-server/data/User/workspaceStorage/24e15800dabda4c75b40f2caa90b993d/vscode.lock': Lock acquired.
2023-03-13 11:45:12.807 [info] ExtensionService#_doActivateExtension vscode.emmet, startup: false, activationEvent: 'onLanguage'
2023-03-13 11:45:12.810 [info] ExtensionService#_doActivateExtension ms-azuretools.vscode-docker, startup: false, activationEvent: 'onLanguage:dockercompose'
2023-03-13 11:45:12.839 [info] ExtensionService#_doActivateExtension vscode.git-base, startup: false, activationEvent: '*', root cause: vscode.git
2023-03-13 11:45:17.877 [info] ExtensionService#_doActivateExtension vscode.git, startup: false, activationEvent: '*'
2023-03-13 11:45:17.879 [info] ExtensionService#_doActivateExtension vscode.github, startup: false, activationEvent: '*'
2023-03-13 11:45:19.854 [info] Not activating extension 'p1c2u.docker-compose': Timed out while searching for 'workspaceContains' pattern **/docker-compose.yml
2023-03-13 11:45:20.642 [info] ExtensionService#_doActivateExtension p1c2u.docker-compose, startup: true, activationEvent: 'workspaceContains:**/docker-compose.yml'
2023-03-13 11:45:21.780 [info] Eager extensions activated
2023-03-13 11:45:21.783 [info] ExtensionService#_doActivateExtension vscode.debug-auto-launch, startup: false, activationEvent: 'onStartupFinished'
2023-03-13 11:45:21.784 [info] ExtensionService#_doActivateExtension vscode.merge-conflict, startup: false, activationEvent: 'onStartupFinished'
2023-03-13 11:45:43.360 [info] ExtensionService#_doActivateExtension vscode.npm, startup: false, activationEvent: 'onTerminalQuickFixRequest:ms-vscode.npm-command'
2023-03-13 14:11:04.482 [warning] Using default string since no string found in i18n bundle that has the key: Don't Show Again
2023-03-13 14:11:10.631 [warning] [Decorations] CAPPING events from decorations provider vscode.git 10000
2023-03-13 14:11:13.417 [warning] [Decorations] CAPPING events from decorations provider vscode.git 10000
