*
* Visual Studio Code Server
*
* By using the software, you agree to
* the Visual Studio Code Server License Terms (https://aka.ms/vscode-server-license) and
* the Microsoft Privacy Statement (https://privacy.microsoft.com/en-US/privacystatement).
*
Server bound to 127.0.0.1:45883 (IPv4)
Extension host agent listening on 45883

[02:26:02] 




[02:26:02] Extension host agent started.
[02:26:02] [127.0.0.1][c2968026][ManagementConnection] New connection established.
[02:26:02] [127.0.0.1][3f4039c6][ExtensionHostConnection] New connection established.
[02:26:02] [127.0.0.1][3f4039c6][ExtensionHostConnection] <7343> Launched Extension Host Process.
[02:26:03] Deleted from disk ms-azuretools.vscode-docker /home/global/.vscode-server/extensions/ms-azuretools.vscode-docker-1.23.3
[IPC Library: Pty Host]  WARN Shell integration cannot be enabled for executable "/bin/sh" and args [
  '-c',
  'wget --version > /dev/null\n' +
    'if [ $? -eq 0 ]\n' +
    'then\n' +
    "\twget --connect-timeout=7 --tries=1 --dns-timeout=7 -q --header='Metadata:true' -O - http://169.254.169.254/metadata/instance?api-version=2019-03-11\n" +
    'else\n' +
    '\tcurl --version > /dev/null\n' +
    '\tif [ $? -eq 0 ]\n' +
    '\tthen\n' +
    "\t\tcurl --connect-timeout 7 -s --header='Metadata:true' http://169.254.169.254/metadata/instance?api-version=2019-03-11\n" +
    '\tfi\n' +
    'fi\n' +
    'exit 0'
]
[IPC Library: Pty Host]  WARN Shell integration cannot be enabled for executable "/bin/sh" and args [
  '-c',
  'wget --version > /dev/null\n' +
    'if [ $? -eq 0 ]\n' +
    'then\n' +
    '\twget --connect-timeout=7 --tries=1 --dns-timeout=7 -q  -O - http://169.254.169.254/latest/meta-data/instance-id\n' +
    'else\n' +
    '\tcurl --version > /dev/null\n' +
    '\tif [ $? -eq 0 ]\n' +
    '\tthen\n' +
    '\t\tcurl --connect-timeout 7 -s  http://169.254.169.254/latest/meta-data/instance-id\n' +
    '\tfi\n' +
    'fi\n' +
    'exit 0'
]
[IPC Library: Pty Host]  WARN Shell integration cannot be enabled for executable "/bin/sh" and args [
  '-c',
  'wget --version > /dev/null\n' +
    'if [ $? -eq 0 ]\n' +
    'then\n' +
    '\twget --connect-timeout=7 --tries=1 --dns-timeout=7 -q  -O - http://169.254.169.254/metadata/v1/id\n' +
    'else\n' +
    '\tcurl --version > /dev/null\n' +
    '\tif [ $? -eq 0 ]\n' +
    '\tthen\n' +
    '\t\tcurl --connect-timeout 7 -s  http://169.254.169.254/metadata/v1/id\n' +
    '\tfi\n' +
    'fi\n' +
    'exit 0'
]
[02:26:08] No ptyHost heartbeat after 6 seconds
[IPC Library: Pty Host]  WARN Shell integration cannot be enabled for executable "/bin/sh" and args [
  '-c',
  'wget --version > /dev/null\n' +
    'if [ $? -eq 0 ]\n' +
    'then\n' +
    "\twget --connect-timeout=7 --tries=1 --dns-timeout=7 -q --header='Metadata-Flavor:Google' -O - http://metadata.google.internal/computeMetadata/v1/instance/id\n" +
    'else\n' +
    '\tcurl --version > /dev/null\n' +
    '\tif [ $? -eq 0 ]\n' +
    '\tthen\n' +
    "\t\tcurl --connect-timeout 7 -s --header='Metadata-Flavor:Google' http://metadata.google.internal/computeMetadata/v1/instance/id\n" +
    '\tfi\n' +
    'fi\n' +
    'exit 0'
]
Got delay-shutdown request while in shutdown timeout, delaying
[02:27:08] Got delay-shutdown request while in shutdown timeout, delaying
Cancelling previous shutdown timeout
[02:27:08] Cancelling previous shutdown timeout
[02:27:08] [127.0.0.1][01073050][ManagementConnection] New connection established.
[02:27:08] [127.0.0.1][4858c547][ExtensionHostConnection] New connection established.
[02:27:08] [127.0.0.1][4858c547][ExtensionHostConnection] <7443> Launched Extension Host Process.
[IPC Library: Pty Host]  WARN Shell integration cannot be enabled for executable "/bin/sh" and args [
  '-c',
  'wget --version > /dev/null\n' +
    'if [ $? -eq 0 ]\n' +
    'then\n' +
    "\twget --connect-timeout=7 --tries=1 --dns-timeout=7 -q --header='Metadata:true' -O - http://169.254.169.254/metadata/instance?api-version=2019-03-11\n" +
    'else\n' +
    '\tcurl --version > /dev/null\n' +
    '\tif [ $? -eq 0 ]\n' +
    '\tthen\n' +
    "\t\tcurl --connect-timeout 7 -s --header='Metadata:true' http://169.254.169.254/metadata/instance?api-version=2019-03-11\n" +
    '\tfi\n' +
    'fi\n' +
    'exit 0'
]
rejected promise not handled within 1 second: CodeExpectedError: Could not find pty on pty host
stack trace: CodeExpectedError: Could not find pty on pty host
    at S.L (/home/global/.vscode-server/bin/441438abd1ac652551dbe4d408dfcec8a499b8bf/out/vs/platform/terminal/node/ptyHostMain.js:27:6839)
    at S.updateTitle (/home/global/.vscode-server/bin/441438abd1ac652551dbe4d408dfcec8a499b8bf/out/vs/platform/terminal/node/ptyHostMain.js:27:2630)
    at Object.call (/home/global/.vscode-server/bin/441438abd1ac652551dbe4d408dfcec8a499b8bf/out/vs/platform/terminal/node/ptyHostMain.js:17:5043)
    at r.s (/home/global/.vscode-server/bin/441438abd1ac652551dbe4d408dfcec8a499b8bf/out/vs/platform/terminal/node/ptyHostMain.js:15:5412)
    at r.q (/home/global/.vscode-server/bin/441438abd1ac652551dbe4d408dfcec8a499b8bf/out/vs/platform/terminal/node/ptyHostMain.js:15:4915)
    at /home/global/.vscode-server/bin/441438abd1ac652551dbe4d408dfcec8a499b8bf/out/vs/platform/terminal/node/ptyHostMain.js:15:4326
    at invoke (/home/global/.vscode-server/bin/441438abd1ac652551dbe4d408dfcec8a499b8bf/out/vs/platform/terminal/node/ptyHostMain.js:11:145)
    at E.deliver (/home/global/.vscode-server/bin/441438abd1ac652551dbe4d408dfcec8a499b8bf/out/vs/platform/terminal/node/ptyHostMain.js:11:2033)
    at c.fire (/home/global/.vscode-server/bin/441438abd1ac652551dbe4d408dfcec8a499b8bf/out/vs/platform/terminal/node/ptyHostMain.js:11:1671)
    at process.F (/home/global/.vscode-server/bin/441438abd1ac652551dbe4d408dfcec8a499b8bf/out/vs/platform/terminal/node/ptyHostMain.js:9:20881)
    at process.emit (node:events:526:28)
    at emit (node:internal/child_process:938:14)
    at processTicksAndRejections (node:internal/process/task_queues:84:21)
[02:27:11] Error [CodeExpectedError]: Could not find pty on pty host
    at S.L (/home/global/.vscode-server/bin/441438abd1ac652551dbe4d408dfcec8a499b8bf/out/vs/platform/terminal/node/ptyHostMain.js:27:6839)
    at S.updateTitle (/home/global/.vscode-server/bin/441438abd1ac652551dbe4d408dfcec8a499b8bf/out/vs/platform/terminal/node/ptyHostMain.js:27:2630)
    at Object.call (/home/global/.vscode-server/bin/441438abd1ac652551dbe4d408dfcec8a499b8bf/out/vs/platform/terminal/node/ptyHostMain.js:17:5043)
    at r.s (/home/global/.vscode-server/bin/441438abd1ac652551dbe4d408dfcec8a499b8bf/out/vs/platform/terminal/node/ptyHostMain.js:15:5412)
    at r.q (/home/global/.vscode-server/bin/441438abd1ac652551dbe4d408dfcec8a499b8bf/out/vs/platform/terminal/node/ptyHostMain.js:15:4915)
    at /home/global/.vscode-server/bin/441438abd1ac652551dbe4d408dfcec8a499b8bf/out/vs/platform/terminal/node/ptyHostMain.js:15:4326
    at invoke (/home/global/.vscode-server/bin/441438abd1ac652551dbe4d408dfcec8a499b8bf/out/vs/platform/terminal/node/ptyHostMain.js:11:145)
    at E.deliver (/home/global/.vscode-server/bin/441438abd1ac652551dbe4d408dfcec8a499b8bf/out/vs/platform/terminal/node/ptyHostMain.js:11:2033)
    at c.fire (/home/global/.vscode-server/bin/441438abd1ac652551dbe4d408dfcec8a499b8bf/out/vs/platform/terminal/node/ptyHostMain.js:11:1671)
    at process.F (/home/global/.vscode-server/bin/441438abd1ac652551dbe4d408dfcec8a499b8bf/out/vs/platform/terminal/node/ptyHostMain.js:9:20881)
    at process.emit (node:events:526:28)
    at emit (node:internal/child_process:938:14)
    at processTicksAndRejections (node:internal/process/task_queues:84:21)
[IPC Library: Pty Host]  WARN Shell integration cannot be enabled for executable "/bin/sh" and args [
  '-c',
  'wget --version > /dev/null\n' +
    'if [ $? -eq 0 ]\n' +
    'then\n' +
    '\twget --connect-timeout=7 --tries=1 --dns-timeout=7 -q  -O - http://169.254.169.254/latest/meta-data/instance-id\n' +
    'else\n' +
    '\tcurl --version > /dev/null\n' +
    '\tif [ $? -eq 0 ]\n' +
    '\tthen\n' +
    '\t\tcurl --connect-timeout 7 -s  http://169.254.169.254/latest/meta-data/instance-id\n' +
    '\tfi\n' +
    'fi\n' +
    'exit 0'
]
[IPC Library: Pty Host]  WARN Shell integration cannot be enabled for executable "/bin/sh" and args [
  '-c',
  'wget --version > /dev/null\n' +
    'if [ $? -eq 0 ]\n' +
    'then\n' +
    '\twget --connect-timeout=7 --tries=1 --dns-timeout=7 -q  -O - http://169.254.169.254/metadata/v1/id\n' +
    'else\n' +
    '\tcurl --version > /dev/null\n' +
    '\tif [ $? -eq 0 ]\n' +
    '\tthen\n' +
    '\t\tcurl --connect-timeout 7 -s  http://169.254.169.254/metadata/v1/id\n' +
    '\tfi\n' +
    'fi\n' +
    'exit 0'
]
[IPC Library: Pty Host]  WARN Shell integration cannot be enabled for executable "/bin/sh" and args [
  '-c',
  'wget --version > /dev/null\n' +
    'if [ $? -eq 0 ]\n' +
    'then\n' +
    "\twget --connect-timeout=7 --tries=1 --dns-timeout=7 -q --header='Metadata-Flavor:Google' -O - http://metadata.google.internal/computeMetadata/v1/instance/id\n" +
    'else\n' +
    '\tcurl --version > /dev/null\n' +
    '\tif [ $? -eq 0 ]\n' +
    '\tthen\n' +
    "\t\tcurl --connect-timeout 7 -s --header='Metadata-Flavor:Google' http://metadata.google.internal/computeMetadata/v1/instance/id\n" +
    '\tfi\n' +
    'fi\n' +
    'exit 0'
]
Got delay-shutdown request while in shutdown timeout, delaying
[02:27:41] Got delay-shutdown request while in shutdown timeout, delaying
Cancelling previous shutdown timeout
[02:27:41] Cancelling previous shutdown timeout
[02:27:41] [127.0.0.1][bf6d5b37][ManagementConnection] New connection established.
[02:27:41] [127.0.0.1][c366e3a1][ExtensionHostConnection] New connection established.
[02:27:41] [127.0.0.1][c366e3a1][ExtensionHostConnection] <7531> Launched Extension Host Process.
[IPC Library: Pty Host]  WARN Shell integration cannot be enabled for executable "/bin/sh" and args [
  '-c',
  'wget --version > /dev/null\n' +
    'if [ $? -eq 0 ]\n' +
    'then\n' +
    "\twget --connect-timeout=7 --tries=1 --dns-timeout=7 -q --header='Metadata:true' -O - http://169.254.169.254/metadata/instance?api-version=2019-03-11\n" +
    'else\n' +
    '\tcurl --version > /dev/null\n' +
    '\tif [ $? -eq 0 ]\n' +
    '\tthen\n' +
    "\t\tcurl --connect-timeout 7 -s --header='Metadata:true' http://169.254.169.254/metadata/instance?api-version=2019-03-11\n" +
    '\tfi\n' +
    'fi\n' +
    'exit 0'
]
rejected promise not handled within 1 second: CodeExpectedError: Could not find pty on pty host
stack trace: CodeExpectedError: Could not find pty on pty host
    at S.L (/home/global/.vscode-server/bin/441438abd1ac652551dbe4d408dfcec8a499b8bf/out/vs/platform/terminal/node/ptyHostMain.js:27:6839)
    at S.updateTitle (/home/global/.vscode-server/bin/441438abd1ac652551dbe4d408dfcec8a499b8bf/out/vs/platform/terminal/node/ptyHostMain.js:27:2630)
    at Object.call (/home/global/.vscode-server/bin/441438abd1ac652551dbe4d408dfcec8a499b8bf/out/vs/platform/terminal/node/ptyHostMain.js:17:5043)
    at r.s (/home/global/.vscode-server/bin/441438abd1ac652551dbe4d408dfcec8a499b8bf/out/vs/platform/terminal/node/ptyHostMain.js:15:5412)
    at r.q (/home/global/.vscode-server/bin/441438abd1ac652551dbe4d408dfcec8a499b8bf/out/vs/platform/terminal/node/ptyHostMain.js:15:4915)
    at /home/global/.vscode-server/bin/441438abd1ac652551dbe4d408dfcec8a499b8bf/out/vs/platform/terminal/node/ptyHostMain.js:15:4326
    at invoke (/home/global/.vscode-server/bin/441438abd1ac652551dbe4d408dfcec8a499b8bf/out/vs/platform/terminal/node/ptyHostMain.js:11:145)
    at E.deliver (/home/global/.vscode-server/bin/441438abd1ac652551dbe4d408dfcec8a499b8bf/out/vs/platform/terminal/node/ptyHostMain.js:11:2033)
    at c.fire (/home/global/.vscode-server/bin/441438abd1ac652551dbe4d408dfcec8a499b8bf/out/vs/platform/terminal/node/ptyHostMain.js:11:1671)
    at process.F (/home/global/.vscode-server/bin/441438abd1ac652551dbe4d408dfcec8a499b8bf/out/vs/platform/terminal/node/ptyHostMain.js:9:20881)
    at process.emit (node:events:526:28)
    at emit (node:internal/child_process:938:14)
    at processTicksAndRejections (node:internal/process/task_queues:84:21)
[02:27:44] Error [CodeExpectedError]: Could not find pty on pty host
    at S.L (/home/global/.vscode-server/bin/441438abd1ac652551dbe4d408dfcec8a499b8bf/out/vs/platform/terminal/node/ptyHostMain.js:27:6839)
    at S.updateTitle (/home/global/.vscode-server/bin/441438abd1ac652551dbe4d408dfcec8a499b8bf/out/vs/platform/terminal/node/ptyHostMain.js:27:2630)
    at Object.call (/home/global/.vscode-server/bin/441438abd1ac652551dbe4d408dfcec8a499b8bf/out/vs/platform/terminal/node/ptyHostMain.js:17:5043)
    at r.s (/home/global/.vscode-server/bin/441438abd1ac652551dbe4d408dfcec8a499b8bf/out/vs/platform/terminal/node/ptyHostMain.js:15:5412)
    at r.q (/home/global/.vscode-server/bin/441438abd1ac652551dbe4d408dfcec8a499b8bf/out/vs/platform/terminal/node/ptyHostMain.js:15:4915)
    at /home/global/.vscode-server/bin/441438abd1ac652551dbe4d408dfcec8a499b8bf/out/vs/platform/terminal/node/ptyHostMain.js:15:4326
    at invoke (/home/global/.vscode-server/bin/441438abd1ac652551dbe4d408dfcec8a499b8bf/out/vs/platform/terminal/node/ptyHostMain.js:11:145)
    at E.deliver (/home/global/.vscode-server/bin/441438abd1ac652551dbe4d408dfcec8a499b8bf/out/vs/platform/terminal/node/ptyHostMain.js:11:2033)
    at c.fire (/home/global/.vscode-server/bin/441438abd1ac652551dbe4d408dfcec8a499b8bf/out/vs/platform/terminal/node/ptyHostMain.js:11:1671)
    at process.F (/home/global/.vscode-server/bin/441438abd1ac652551dbe4d408dfcec8a499b8bf/out/vs/platform/terminal/node/ptyHostMain.js:9:20881)
    at process.emit (node:events:526:28)
    at emit (node:internal/child_process:938:14)
    at processTicksAndRejections (node:internal/process/task_queues:84:21)
[02:27:45] No ptyHost heartbeat after 6 seconds
[IPC Library: Pty Host]  WARN Shell integration cannot be enabled for executable "/bin/sh" and args [
  '-c',
  'wget --version > /dev/null\n' +
    'if [ $? -eq 0 ]\n' +
    'then\n' +
    '\twget --connect-timeout=7 --tries=1 --dns-timeout=7 -q  -O - http://169.254.169.254/latest/meta-data/instance-id\n' +
    'else\n' +
    '\tcurl --version > /dev/null\n' +
    '\tif [ $? -eq 0 ]\n' +
    '\tthen\n' +
    '\t\tcurl --connect-timeout 7 -s  http://169.254.169.254/latest/meta-data/instance-id\n' +
    '\tfi\n' +
    'fi\n' +
    'exit 0'
]
[IPC Library: Pty Host]  WARN Shell integration cannot be enabled for executable "/bin/sh" and args [
  '-c',
  'wget --version > /dev/null\n' +
    'if [ $? -eq 0 ]\n' +
    'then\n' +
    '\twget --connect-timeout=7 --tries=1 --dns-timeout=7 -q  -O - http://169.254.169.254/metadata/v1/id\n' +
    'else\n' +
    '\tcurl --version > /dev/null\n' +
    '\tif [ $? -eq 0 ]\n' +
    '\tthen\n' +
    '\t\tcurl --connect-timeout 7 -s  http://169.254.169.254/metadata/v1/id\n' +
    '\tfi\n' +
    'fi\n' +
    'exit 0'
]
[IPC Library: Pty Host]  WARN Shell integration cannot be enabled for executable "/bin/sh" and args [
  '-c',
  'wget --version > /dev/null\n' +
    'if [ $? -eq 0 ]\n' +
    'then\n' +
    "\twget --connect-timeout=7 --tries=1 --dns-timeout=7 -q --header='Metadata-Flavor:Google' -O - http://metadata.google.internal/computeMetadata/v1/instance/id\n" +
    'else\n' +
    '\tcurl --version > /dev/null\n' +
    '\tif [ $? -eq 0 ]\n' +
    '\tthen\n' +
    "\t\tcurl --connect-timeout 7 -s --header='Metadata-Flavor:Google' http://metadata.google.internal/computeMetadata/v1/instance/id\n" +
    '\tfi\n' +
    'fi\n' +
    'exit 0'
]
[02:28:11] [127.0.0.1][01073050][ManagementConnection] The client has disconnected gracefully, so the connection will be disposed.
[02:28:12] [127.0.0.1][4858c547][ExtensionHostConnection] <7443> Extension Host Process exited with code: 0, signal: null.
Cancelling previous shutdown timeout
[02:28:12] Cancelling previous shutdown timeout
[02:28:13] [127.0.0.1][c2968026][ManagementConnection] The client has disconnected gracefully, so the connection will be disposed.
[02:28:13] [127.0.0.1][3f4039c6][ExtensionHostConnection] <7343> Extension Host Process exited with code: 0, signal: null.
[16:13:03] Extensions added from another source ms-ceintl.vscode-language-pack-fr file:///home/global/.vscode-server/extensions/extensions.json
[12:42:31] [127.0.0.1][c366e3a1][ExtensionHostConnection] <7531> Extension Host Process exited with code: 0, signal: null.
Last EH closed, waiting before shutting down
[12:42:31] Last EH closed, waiting before shutting down
Last EH closed, shutting down
[10:05:05] Last EH closed, shutting down
